# JRE version: Java(TM) SE Runtime Environment (8.0_144-b01) (build 1.8.0_144-b01)
# Java VM: Java HotSpot(TM) 64-Bit Server VM (25.144-b01 mixed mode windows-amd64 compressed oops)
Heap:
 PSYoungGen      total 187904K, used 163583K [0x00000000e0000000, 0x00000000ee400000, 0x0000000100000000)
  eden space 168960K, 96% used [0x00000000e0000000,0x00000000e9fbfd20,0x00000000ea500000)
  from space 18944K, 0% used [0x00000000eb800000,0x00000000eb800000,0x00000000eca80000)
  to   space 19456K, 0% used [0x00000000ea500000,0x00000000ea500000,0x00000000eb800000)
 ParOldGen       total 114176K, used 27948K [0x00000000a0000000, 0x00000000a6f80000, 0x00000000e0000000)
  object space 114176K, 24% used [0x00000000a0000000,0x00000000a1b4b0f8,0x00000000a6f80000)
 Metaspace       used 62703K, capacity 64866K, committed 65152K, reserved 1105920K
  class space    used 8567K, capacity 9042K, committed 9088K, reserved 1048576K
GC Heap History (10 events):
Event: 14.976 GC heap before
{Heap before GC invocations=11 (full 2):
 PSYoungGen      total 117760K, used 10967K [0x00000000e0000000, 0x00000000ea800000, 0x0000000100000000)
  eden space 106496K, 0% used [0x00000000e0000000,0x00000000e0000000,0x00000000e6800000)
  from space 11264K, 97% used [0x00000000e6800000,0x00000000e72b5d48,0x00000000e7300000)
  to   space 12288K, 0% used [0x00000000e9c00000,0x00000000e9c00000,0x00000000ea800000)
 ParOldGen       total 55296K, used 9167K [0x00000000a0000000, 0x00000000a3600000, 0x00000000e0000000)
  object space 55296K, 16% used [0x00000000a0000000,0x00000000a08f3c58,0x00000000a3600000)
 Metaspace       used 34657K, capacity 35392K, committed 35496K, reserved 1079296K
  class space    used 4869K, capacity 5069K, committed 5120K, reserved 1048576K
Event: 15.134 GC heap after
Heap after GC invocations=11 (full 2):
 PSYoungGen      total 117760K, used 0K [0x00000000e0000000, 0x00000000ea800000, 0x0000000100000000)
  eden space 106496K, 0% used [0x00000000e0000000,0x00000000e0000000,0x00000000e6800000)
  from space 11264K, 0% used [0x00000000e6800000,0x00000000e6800000,0x00000000e7300000)
  to   space 12288K, 0% used [0x00000000e9c00000,0x00000000e9c00000,0x00000000ea800000)
 ParOldGen       total 84480K, used 17803K [0x00000000a0000000, 0x00000000a5280000, 0x00000000e0000000)
  object space 84480K, 21% used [0x00000000a0000000,0x00000000a1162e48,0x00000000a5280000)
 Metaspace       used 34657K, capacity 35392K, committed 35496K, reserved 1079296K
  class space    used 4869K, capacity 5069K, committed 5120K, reserved 1048576K
}
Event: 18.438 GC heap before
{Heap before GC invocations=12 (full 2):
 PSYoungGen      total 117760K, used 106496K [0x00000000e0000000, 0x00000000ea800000, 0x0000000100000000)
  eden space 106496K, 100% used [0x00000000e0000000,0x00000000e6800000,0x00000000e6800000)
  from space 11264K, 0% used [0x00000000e6800000,0x00000000e6800000,0x00000000e7300000)
  to   space 12288K, 0% used [0x00000000e9c00000,0x00000000e9c00000,0x00000000ea800000)
 ParOldGen       total 84480K, used 17803K [0x00000000a0000000, 0x00000000a5280000, 0x00000000e0000000)
  object space 84480K, 21% used [0x00000000a0000000,0x00000000a1162e48,0x00000000a5280000)
 Metaspace       used 45113K, capacity 46104K, committed 46464K, reserved 1089536K
  class space    used 6192K, capacity 6418K, committed 6528K, reserved 1048576K
Event: 18.464 GC heap after
Heap after GC invocations=12 (full 2):
 PSYoungGen      total 148480K, used 12271K [0x00000000e0000000, 0x00000000ea800000, 0x0000000100000000)
  eden space 136192K, 0% used [0x00000000e0000000,0x00000000e0000000,0x00000000e8500000)
  from space 12288K, 99% used [0x00000000e9c00000,0x00000000ea7fbcc0,0x00000000ea800000)
  to   space 14336K, 0% used [0x00000000e8c00000,0x00000000e8c00000,0x00000000e9a00000)
 ParOldGen       total 84480K, used 19153K [0x00000000a0000000, 0x00000000a5280000, 0x00000000e0000000)
  object space 84480K, 22% used [0x00000000a0000000,0x00000000a12b44b8,0x00000000a5280000)
 Metaspace       used 45113K, capacity 46104K, committed 46464K, reserved 1089536K
  class space    used 6192K, capacity 6418K, committed 6528K, reserved 1048576K
}
Event: 39.985 GC heap before
{Heap before GC invocations=13 (full 2):
 PSYoungGen      total 148480K, used 148463K [0x00000000e0000000, 0x00000000ea800000, 0x0000000100000000)
  eden space 136192K, 100% used [0x00000000e0000000,0x00000000e8500000,0x00000000e8500000)
  from space 12288K, 99% used [0x00000000e9c00000,0x00000000ea7fbcc0,0x00000000ea800000)
  to   space 14336K, 0% used [0x00000000e8c00000,0x00000000e8c00000,0x00000000e9a00000)
 ParOldGen       total 84480K, used 19153K [0x00000000a0000000, 0x00000000a5280000, 0x00000000e0000000)
  object space 84480K, 22% used [0x00000000a0000000,0x00000000a12b44b8,0x00000000a5280000)
 Metaspace       used 56633K, capacity 58242K, committed 58368K, reserved 1099776K
  class space    used 7695K, capacity 8092K, committed 8192K, reserved 1048576K
Event: 40.030 GC heap after
Heap after GC invocations=13 (full 2):
 PSYoungGen      total 157696K, used 14314K [0x00000000e0000000, 0x00000000eca80000, 0x0000000100000000)
  eden space 143360K, 0% used [0x00000000e0000000,0x00000000e0000000,0x00000000e8c00000)
  from space 14336K, 99% used [0x00000000e8c00000,0x00000000e99fa9d8,0x00000000e9a00000)
  to   space 18944K, 0% used [0x00000000eb800000,0x00000000eb800000,0x00000000eca80000)
 ParOldGen       total 84480K, used 26658K [0x00000000a0000000, 0x00000000a5280000, 0x00000000e0000000)
  object space 84480K, 31% used [0x00000000a0000000,0x00000000a1a08890,0x00000000a5280000)
 Metaspace       used 56633K, capacity 58242K, committed 58368K, reserved 1099776K
  class space    used 7695K, capacity 8092K, committed 8192K, reserved 1048576K
}
Event: 40.566 GC heap before
{Heap before GC invocations=14 (full 2):
 PSYoungGen      total 157696K, used 27782K [0x00000000e0000000, 0x00000000eca80000, 0x0000000100000000)
  eden space 143360K, 9% used [0x00000000e0000000,0x00000000e0d26f28,0x00000000e8c00000)
  from space 14336K, 99% used [0x00000000e8c00000,0x00000000e99fa9d8,0x00000000e9a00000)
  to   space 18944K, 0% used [0x00000000eb800000,0x00000000eb800000,0x00000000eca80000)
 ParOldGen       total 84480K, used 26658K [0x00000000a0000000, 0x00000000a5280000, 0x00000000e0000000)
  object space 84480K, 31% used [0x00000000a0000000,0x00000000a1a08890,0x00000000a5280000)
 Metaspace       used 57427K, capacity 59048K, committed 59136K, reserved 1099776K
  class space    used 7810K, capacity 8189K, committed 8192K, reserved 1048576K
Event: 40.603 GC heap after
Heap after GC invocations=14 (full 2):
 PSYoungGen      total 187904K, used 1066K [0x00000000e0000000, 0x00000000ee400000, 0x0000000100000000)
  eden space 168960K, 0% used [0x00000000e0000000,0x00000000e0000000,0x00000000ea500000)
  from space 18944K, 5% used [0x00000000eb800000,0x00000000eb90a9a0,0x00000000eca80000)
  to   space 19456K, 0% used [0x00000000ea500000,0x00000000ea500000,0x00000000eb800000)
 ParOldGen       total 84480K, used 34725K [0x00000000a0000000, 0x00000000a5280000, 0x00000000e0000000)
  object space 84480K, 41% used [0x00000000a0000000,0x00000000a21e9548,0x00000000a5280000)
 Metaspace       used 57427K, capacity 59048K, committed 59136K, reserved 1099776K
  class space    used 7810K, capacity 8189K, committed 8192K, reserved 1048576K
}
Event: 40.603 GC heap before
{Heap before GC invocations=15 (full 3):
 PSYoungGen      total 187904K, used 1066K [0x00000000e0000000, 0x00000000ee400000, 0x0000000100000000)
  eden space 168960K, 0% used [0x00000000e0000000,0x00000000e0000000,0x00000000ea500000)
  from space 18944K, 5% used [0x00000000eb800000,0x00000000eb90a9a0,0x00000000eca80000)
  to   space 19456K, 0% used [0x00000000ea500000,0x00000000ea500000,0x00000000eb800000)
 ParOldGen       total 84480K, used 34725K [0x00000000a0000000, 0x00000000a5280000, 0x00000000e0000000)
  object space 84480K, 41% used [0x00000000a0000000,0x00000000a21e9548,0x00000000a5280000)
 Metaspace       used 57427K, capacity 59048K, committed 59136K, reserved 1099776K
  class space    used 7810K, capacity 8189K, committed 8192K, reserved 1048576K
Event: 41.013 GC heap after
Heap after GC invocations=15 (full 3):
 PSYoungGen      total 187904K, used 0K [0x00000000e0000000, 0x00000000ee400000, 0x0000000100000000)
  eden space 168960K, 0% used [0x00000000e0000000,0x00000000e0000000,0x00000000ea500000)
  from space 18944K, 0% used [0x00000000eb800000,0x00000000eb800000,0x00000000eca80000)
  to   space 19456K, 0% used [0x00000000ea500000,0x00000000ea500000,0x00000000eb800000)
 ParOldGen       total 114176K, used 27948K [0x00000000a0000000, 0x00000000a6f80000, 0x00000000e0000000)
  object space 114176K, 24% used [0x00000000a0000000,0x00000000a1b4b0f8,0x00000000a6f80000)
 Metaspace       used 57427K, capacity 59048K, committed 59136K, reserved 1099776K
  class space    used 7810K, capacity 8189K, committed 8192K, reserved 1048576K
}

