# JRE version: Java(TM) SE Runtime Environment (8.0_144-b01) (build 1.8.0_144-b01)
# Java VM: Java HotSpot(TM) 64-Bit Server VM (25.144-b01 mixed mode windows-amd64 compressed oops)
Heap:
 PSYoungGen      total 159232K, used 159212K [0x00000000e0000000, 0x00000000eb500000, 0x0000000100000000)
  eden space 140288K, 100% used [0x00000000e0000000,0x00000000e8900000,0x00000000e8900000)
  from space 18944K, 99% used [0x00000000e9e00000,0x00000000eb07b3e0,0x00000000eb080000)
  to   space 21504K, 97% used [0x00000000e8900000,0x00000000e9d6e7d0,0x00000000e9e00000)
 ParOldGen       total 160768K, used 35562K [0x00000000a0000000, 0x00000000a9d00000, 0x00000000e0000000)
  object space 160768K, 22% used [0x00000000a0000000,0x00000000a22ba938,0x00000000a9d00000)
 Metaspace       used 79233K, capacity 82286K, committed 82520K, reserved 1120256K
  class space    used 10627K, capacity 11320K, committed 11392K, reserved 1048576K
GC Heap History (10 events):
Event: 26.752 GC heap after
Heap after GC invocations=13 (full 2):
 PSYoungGen      total 118272K, used 12265K [0x00000000e0000000, 0x00000000e9a80000, 0x0000000100000000)
  eden space 105984K, 0% used [0x00000000e0000000,0x00000000e0000000,0x00000000e6780000)
  from space 12288K, 99% used [0x00000000e6780000,0x00000000e737a450,0x00000000e7380000)
  to   space 15360K, 0% used [0x00000000e8b80000,0x00000000e8b80000,0x00000000e9a80000)
 ParOldGen       total 102400K, used 20524K [0x00000000a0000000, 0x00000000a6400000, 0x00000000e0000000)
  object space 102400K, 20% used [0x00000000a0000000,0x00000000a140b3c0,0x00000000a6400000)
 Metaspace       used 48841K, capacity 50088K, committed 50136K, reserved 1093632K
  class space    used 6604K, capacity 6898K, committed 6912K, reserved 1048576K
}
Event: 31.176 GC heap before
{Heap before GC invocations=14 (full 2):
 PSYoungGen      total 118272K, used 115491K [0x00000000e0000000, 0x00000000e9a80000, 0x0000000100000000)
  eden space 105984K, 97% used [0x00000000e0000000,0x00000000e64ce940,0x00000000e6780000)
  from space 12288K, 99% used [0x00000000e6780000,0x00000000e737a450,0x00000000e7380000)
  to   space 15360K, 0% used [0x00000000e8b80000,0x00000000e8b80000,0x00000000e9a80000)
 ParOldGen       total 102400K, used 20524K [0x00000000a0000000, 0x00000000a6400000, 0x00000000e0000000)
  object space 102400K, 20% used [0x00000000a0000000,0x00000000a140b3c0,0x00000000a6400000)
 Metaspace       used 57092K, capacity 58920K, committed 58968K, reserved 1099776K
  class space    used 7846K, capacity 8278K, committed 8320K, reserved 1048576K
Event: 31.209 GC heap after
Heap after GC invocations=14 (full 2):
 PSYoungGen      total 138752K, used 15340K [0x00000000e0000000, 0x00000000ea180000, 0x0000000100000000)
  eden space 123392K, 0% used [0x00000000e0000000,0x00000000e0000000,0x00000000e7880000)
  from space 15360K, 99% used [0x00000000e8b80000,0x00000000e9a7b340,0x00000000e9a80000)
  to   space 19456K, 0% used [0x00000000e7880000,0x00000000e7880000,0x00000000e8b80000)
 ParOldGen       total 102400K, used 26692K [0x00000000a0000000, 0x00000000a6400000, 0x00000000e0000000)
  object space 102400K, 26% used [0x00000000a0000000,0x00000000a1a11038,0x00000000a6400000)
 Metaspace       used 57092K, capacity 58920K, committed 58968K, reserved 1099776K
  class space    used 7846K, capacity 8278K, committed 8320K, reserved 1048576K
}
Event: 31.209 GC heap before
{Heap before GC invocations=15 (full 3):
 PSYoungGen      total 138752K, used 15340K [0x00000000e0000000, 0x00000000ea180000, 0x0000000100000000)
  eden space 123392K, 0% used [0x00000000e0000000,0x00000000e0000000,0x00000000e7880000)
  from space 15360K, 99% used [0x00000000e8b80000,0x00000000e9a7b340,0x00000000e9a80000)
  to   space 19456K, 0% used [0x00000000e7880000,0x00000000e7880000,0x00000000e8b80000)
 ParOldGen       total 102400K, used 26692K [0x00000000a0000000, 0x00000000a6400000, 0x00000000e0000000)
  object space 102400K, 26% used [0x00000000a0000000,0x00000000a1a11038,0x00000000a6400000)
 Metaspace       used 57092K, capacity 58920K, committed 58968K, reserved 1099776K
  class space    used 7846K, capacity 8278K, committed 8320K, reserved 1048576K
Event: 31.638 GC heap after
Heap after GC invocations=15 (full 3):
 PSYoungGen      total 138752K, used 0K [0x00000000e0000000, 0x00000000ea180000, 0x0000000100000000)
  eden space 123392K, 0% used [0x00000000e0000000,0x00000000e0000000,0x00000000e7880000)
  from space 15360K, 0% used [0x00000000e8b80000,0x00000000e8b80000,0x00000000e9a80000)
  to   space 19456K, 0% used [0x00000000e7880000,0x00000000e7880000,0x00000000e8b80000)
 ParOldGen       total 160768K, used 35546K [0x00000000a0000000, 0x00000000a9d00000, 0x00000000e0000000)
  object space 160768K, 22% used [0x00000000a0000000,0x00000000a22b6938,0x00000000a9d00000)
 Metaspace       used 57053K, capacity 58796K, committed 58968K, reserved 1099776K
  class space    used 7835K, capacity 8263K, committed 8320K, reserved 1048576K
}
Event: 38.487 GC heap before
{Heap before GC invocations=16 (full 3):
 PSYoungGen      total 138752K, used 123392K [0x00000000e0000000, 0x00000000ea180000, 0x0000000100000000)
  eden space 123392K, 100% used [0x00000000e0000000,0x00000000e7880000,0x00000000e7880000)
  from space 15360K, 0% used [0x00000000e8b80000,0x00000000e8b80000,0x00000000e9a80000)
  to   space 19456K, 0% used [0x00000000e7880000,0x00000000e7880000,0x00000000e8b80000)
 ParOldGen       total 160768K, used 35546K [0x00000000a0000000, 0x00000000a9d00000, 0x00000000e0000000)
  object space 160768K, 22% used [0x00000000a0000000,0x00000000a22b6938,0x00000000a9d00000)
 Metaspace       used 61648K, capacity 63736K, committed 63832K, reserved 1103872K
  class space    used 8550K, capacity 9031K, committed 9088K, reserved 1048576K
Event: 38.520 GC heap after
Heap after GC invocations=16 (full 3):
 PSYoungGen      total 142848K, used 10282K [0x00000000e0000000, 0x00000000eb080000, 0x0000000100000000)
  eden space 123392K, 0% used [0x00000000e0000000,0x00000000e0000000,0x00000000e7880000)
  from space 19456K, 52% used [0x00000000e7880000,0x00000000e828a950,0x00000000e8b80000)
  to   space 18944K, 0% used [0x00000000e9e00000,0x00000000e9e00000,0x00000000eb080000)
 ParOldGen       total 160768K, used 35546K [0x00000000a0000000, 0x00000000a9d00000, 0x00000000e0000000)
  object space 160768K, 22% used [0x00000000a0000000,0x00000000a22b6938,0x00000000a9d00000)
 Metaspace       used 61648K, capacity 63736K, committed 63832K, reserved 1103872K
  class space    used 8550K, capacity 9031K, committed 9088K, reserved 1048576K
}
Event: 52.863 GC heap before
{Heap before GC invocations=17 (full 3):
 PSYoungGen      total 142848K, used 133674K [0x00000000e0000000, 0x00000000eb080000, 0x0000000100000000)
  eden space 123392K, 100% used [0x00000000e0000000,0x00000000e7880000,0x00000000e7880000)
  from space 19456K, 52% used [0x00000000e7880000,0x00000000e828a950,0x00000000e8b80000)
  to   space 18944K, 0% used [0x00000000e9e00000,0x00000000e9e00000,0x00000000eb080000)
 ParOldGen       total 160768K, used 35546K [0x00000000a0000000, 0x00000000a9d00000, 0x00000000e0000000)
  object space 160768K, 22% used [0x00000000a0000000,0x00000000a22b6938,0x00000000a9d00000)
 Metaspace       used 69046K, capacity 71948K, committed 72152K, reserved 1112064K
  class space    used 9528K, capacity 10168K, committed 10240K, reserved 1048576K
Event: 52.949 GC heap after
Heap after GC invocations=17 (full 3):
 PSYoungGen      total 159232K, used 18924K [0x00000000e0000000, 0x00000000eb500000, 0x0000000100000000)
  eden space 140288K, 0% used [0x00000000e0000000,0x00000000e0000000,0x00000000e8900000)
  from space 18944K, 99% used [0x00000000e9e00000,0x00000000eb07b3e0,0x00000000eb080000)
  to   space 21504K, 0% used [0x00000000e8900000,0x00000000e8900000,0x00000000e9e00000)
 ParOldGen       total 160768K, used 35554K [0x00000000a0000000, 0x00000000a9d00000, 0x00000000e0000000)
  object space 160768K, 22% used [0x00000000a0000000,0x00000000a22b8938,0x00000000a9d00000)
 Metaspace       used 69046K, capacity 71948K, committed 72152K, reserved 1112064K
  class space    used 9528K, capacity 10168K, committed 10240K, reserved 1048576K
}
Event: 1395.044 GC heap before
{Heap before GC invocations=18 (full 3):
 PSYoungGen      total 159232K, used 159212K [0x00000000e0000000, 0x00000000eb500000, 0x0000000100000000)
  eden space 140288K, 100% used [0x00000000e0000000,0x00000000e8900000,0x00000000e8900000)
  from space 18944K, 99% used [0x00000000e9e00000,0x00000000eb07b3e0,0x00000000eb080000)
  to   space 21504K, 0% used [0x00000000e8900000,0x00000000e8900000,0x00000000e9e00000)
 ParOldGen       total 160768K, used 35554K [0x00000000a0000000, 0x00000000a9d00000, 0x00000000e0000000)
  object space 160768K, 22% used [0x00000000a0000000,0x00000000a22b8938,0x00000000a9d00000)
 Metaspace       used 79233K, capacity 82286K, committed 82520K, reserved 1120256K
  class space    used 10627K, capacity 11320K, committed 11392K, reserved 1048576K

